[2020-06-08T02:30:03.171+0000][6][gc,heap] Heap region size: 1M
[2020-06-08T02:30:03.173+0000][6][gc,heap,coops] Heap address: 0x00000000c0000000, size: 1024 MB, Compressed Oops mode: 32-bit
[2020-06-08T02:30:03.667+0000][6][gc           ] Using G1
[2020-06-08T02:30:03.669+0000][6][gc,cds       ] Mark closed archive regions in map: [0x00000000fff00000, 0x00000000fff7eff8]
[2020-06-08T02:30:03.669+0000][6][gc,cds       ] Mark open archive regions in map: [0x00000000ffe00000, 0x00000000ffe51ff8]
[2020-06-08T02:30:03.717+0000][6][gc           ] Periodic GC disabled
[2020-06-08T02:30:04.850+0000][6][safepoint    ] Safepoint "Cleanup", Time since last: 1164908800 ns, Reaching safepoint: 534700 ns, At safepoint: 9000 ns, Total: 543700 ns
[2020-06-08T02:30:05.933+0000][6][safepoint    ] Safepoint "Cleanup", Time since last: 1082776700 ns, Reaching safepoint: 192800 ns, At safepoint: 117400 ns, Total: 310200 ns
[2020-06-08T02:30:06.407+0000][6][gc,start     ] GC(0) Pause Young (Normal) (G1 Evacuation Pause)
[2020-06-08T02:30:06.408+0000][6][gc,task      ] GC(0) Using 2 workers of 2 for evacuation
[2020-06-08T02:30:06.409+0000][6][gc,age       ] GC(0) Desired survivor size 3670016 bytes, new threshold 15 (max threshold 15)
[2020-06-08T02:30:06.419+0000][6][gc,age       ] GC(0) Age table with threshold 15 (max threshold 15)
[2020-06-08T02:30:06.420+0000][6][gc,age       ] GC(0) - age   1:    4857824 bytes,    4857824 total
[2020-06-08T02:30:06.421+0000][6][gc,phases    ] GC(0)   Pre Evacuate Collection Set: 0.3ms
[2020-06-08T02:30:06.421+0000][6][gc,phases    ] GC(0)   Merge Heap Roots: 0.3ms
[2020-06-08T02:30:06.422+0000][6][gc,phases    ] GC(0)   Evacuate Collection Set: 7.4ms
[2020-06-08T02:30:06.423+0000][6][gc,phases    ] GC(0)   Post Evacuate Collection Set: 1.8ms
[2020-06-08T02:30:06.424+0000][6][gc,phases    ] GC(0)   Other: 4.2ms
[2020-06-08T02:30:06.424+0000][6][gc,heap      ] GC(0) Eden regions: 51->0(46)
[2020-06-08T02:30:06.425+0000][6][gc,heap      ] GC(0) Survivor regions: 0->5(7)
[2020-06-08T02:30:06.425+0000][6][gc,heap      ] GC(0) Old regions: 0->0
[2020-06-08T02:30:06.432+0000][6][gc,heap      ] GC(0) Archive regions: 2->2
[2020-06-08T02:30:06.432+0000][6][gc,heap      ] GC(0) Humongous regions: 1->1
[2020-06-08T02:30:06.433+0000][6][gc,metaspace ] GC(0) Metaspace: 11574K(12416K)->11574K(12416K) NonClass: 10144K(10752K)->10144K(10752K) Class: 1429K(1664K)->1429K(1664K)
[2020-06-08T02:30:06.434+0000][6][gc           ] GC(0) Pause Young (Normal) (G1 Evacuation Pause) 52M->6M(1024M) 27.243ms
[2020-06-08T02:30:06.435+0000][6][gc,cpu       ] GC(0) User=0.01s Sys=0.01s Real=0.03s
[2020-06-08T02:30:06.436+0000][6][safepoint    ] Safepoint "G1CollectForAllocation", Time since last: 473473800 ns, Reaching safepoint: 138900 ns, At safepoint: 29085900 ns, Total: 29224800 ns
[2020-06-08T02:30:07.928+0000][6][safepoint    ] Safepoint "Cleanup", Time since last: 1490811100 ns, Reaching safepoint: 1059700 ns, At safepoint: 16900 ns, Total: 1076600 ns
[2020-06-08T02:30:08.438+0000][6][gc,start     ] GC(1) Pause Young (Normal) (G1 Evacuation Pause)
[2020-06-08T02:30:08.439+0000][6][gc,task      ] GC(1) Using 2 workers of 2 for evacuation
[2020-06-08T02:30:08.439+0000][6][gc,age       ] GC(1) Desired survivor size 3670016 bytes, new threshold 1 (max threshold 15)
[2020-06-08T02:30:08.459+0000][6][gc,age       ] GC(1) Age table with threshold 1 (max threshold 15)
[2020-06-08T02:30:08.460+0000][6][gc,age       ] GC(1) - age   1:    1934888 bytes,    1934888 total
[2020-06-08T02:30:08.460+0000][6][gc,phases    ] GC(1)   Pre Evacuate Collection Set: 0.3ms
[2020-06-08T02:30:08.461+0000][6][gc,phases    ] GC(1)   Merge Heap Roots: 0.2ms
[2020-06-08T02:30:08.461+0000][6][gc,phases    ] GC(1)   Evacuate Collection Set: 15.4ms
[2020-06-08T02:30:08.462+0000][6][gc,phases    ] GC(1)   Post Evacuate Collection Set: 2.7ms
[2020-06-08T02:30:08.462+0000][6][gc,phases    ] GC(1)   Other: 3.5ms
[2020-06-08T02:30:08.463+0000][6][gc,heap      ] GC(1) Eden regions: 46->0(49)
[2020-06-08T02:30:08.463+0000][6][gc,heap      ] GC(1) Survivor regions: 5->2(7)
[2020-06-08T02:30:08.464+0000][6][gc,heap      ] GC(1) Old regions: 0->5
[2020-06-08T02:30:08.464+0000][6][gc,heap      ] GC(1) Archive regions: 2->2
[2020-06-08T02:30:08.464+0000][6][gc,heap      ] GC(1) Humongous regions: 1->1
[2020-06-08T02:30:08.465+0000][6][gc,metaspace ] GC(1) Metaspace: 16539K(17408K)->16539K(17408K) NonClass: 14575K(15104K)->14575K(15104K) Class: 1964K(2304K)->1964K(2304K)
[2020-06-08T02:30:08.466+0000][6][gc           ] GC(1) Pause Young (Normal) (G1 Evacuation Pause) 52M->8M(1024M) 27.369ms
[2020-06-08T02:30:08.466+0000][6][gc,cpu       ] GC(1) User=0.02s Sys=0.02s Real=0.03s
[2020-06-08T02:30:08.466+0000][6][safepoint    ] Safepoint "G1CollectForAllocation", Time since last: 510051800 ns, Reaching safepoint: 138800 ns, At safepoint: 28464300 ns, Total: 28603100 ns
[2020-06-08T02:30:08.470+0000][6][safepoint    ] Safepoint "BulkRevokeBias", Time since last: 3071400 ns, Reaching safepoint: 391900 ns, At safepoint: 209300 ns, Total: 601200 ns
[2020-06-08T02:30:08.862+0000][6][gc,start     ] GC(2) Pause Young (Normal) (G1 Evacuation Pause)
[2020-06-08T02:30:08.863+0000][6][gc,task      ] GC(2) Using 2 workers of 2 for evacuation
[2020-06-08T02:30:08.863+0000][6][gc,age       ] GC(2) Desired survivor size 3670016 bytes, new threshold 15 (max threshold 15)
[2020-06-08T02:30:08.880+0000][6][gc,age       ] GC(2) Age table with threshold 15 (max threshold 15)
[2020-06-08T02:30:08.881+0000][6][gc,age       ] GC(2) - age   1:    3180560 bytes,    3180560 total
[2020-06-08T02:30:08.881+0000][6][gc,age       ] GC(2) - age   2:    1898376 bytes,    5078936 total
[2020-06-08T02:30:08.882+0000][6][gc,phases    ] GC(2)   Pre Evacuate Collection Set: 0.4ms
[2020-06-08T02:30:08.882+0000][6][gc,phases    ] GC(2)   Merge Heap Roots: 0.4ms
[2020-06-08T02:30:08.883+0000][6][gc,phases    ] GC(2)   Evacuate Collection Set: 13.4ms
[2020-06-08T02:30:08.883+0000][6][gc,phases    ] GC(2)   Post Evacuate Collection Set: 1.9ms
[2020-06-08T02:30:08.884+0000][6][gc,phases    ] GC(2)   Other: 3.6ms
[2020-06-08T02:30:08.884+0000][6][gc,heap      ] GC(2) Eden regions: 49->0(50)
[2020-06-08T02:30:08.884+0000][6][gc,heap      ] GC(2) Survivor regions: 2->5(7)
[2020-06-08T02:30:08.885+0000][6][gc,heap      ] GC(2) Old regions: 5->5
[2020-06-08T02:30:08.885+0000][6][gc,heap      ] GC(2) Archive regions: 2->2
[2020-06-08T02:30:08.886+0000][6][gc,heap      ] GC(2) Humongous regions: 2->1
[2020-06-08T02:30:08.886+0000][6][gc,metaspace ] GC(2) Metaspace: 17611K(18304K)->17611K(18304K) NonClass: 15461K(15872K)->15461K(15872K) Class: 2150K(2432K)->2150K(2432K)
[2020-06-08T02:30:08.887+0000][6][gc           ] GC(2) Pause Young (Normal) (G1 Evacuation Pause) 58M->11M(1024M) 24.546ms
[2020-06-08T02:30:08.887+0000][6][gc,cpu       ] GC(2) User=0.02s Sys=0.01s Real=0.02s
[2020-06-08T02:30:08.889+0000][6][safepoint    ] Safepoint "G1CollectForAllocation", Time since last: 391435200 ns, Reaching safepoint: 307900 ns, At safepoint: 27070300 ns, Total: 27378200 ns
[2020-06-08T02:30:08.893+0000][6][safepoint    ] Safepoint "BulkRevokeBias", Time since last: 3302700 ns, Reaching safepoint: 293000 ns, At safepoint: 110200 ns, Total: 403200 ns
[2020-06-08T02:30:08.894+0000][6][safepoint    ] Safepoint "BulkRevokeBias", Time since last: 1018800 ns, Reaching safepoint: 458700 ns, At safepoint: 111100 ns, Total: 569800 ns
[2020-06-08T02:30:09.473+0000][6][gc,start     ] GC(3) Pause Young (Normal) (G1 Evacuation Pause)
[2020-06-08T02:30:09.474+0000][6][gc,task      ] GC(3) Using 2 workers of 2 for evacuation
[2020-06-08T02:30:09.474+0000][6][gc,age       ] GC(3) Desired survivor size 3670016 bytes, new threshold 2 (max threshold 15)
[2020-06-08T02:30:09.485+0000][6][gc,age       ] GC(3) Age table with threshold 2 (max threshold 15)
[2020-06-08T02:30:09.485+0000][6][gc,age       ] GC(3) - age   1:    1648992 bytes,    1648992 total
[2020-06-08T02:30:09.486+0000][6][gc,age       ] GC(3) - age   2:    1241688 bytes,    2890680 total
[2020-06-08T02:30:09.486+0000][6][gc,phases    ] GC(3)   Pre Evacuate Collection Set: 0.3ms
[2020-06-08T02:30:09.487+0000][6][gc,phases    ] GC(3)   Merge Heap Roots: 0.3ms
[2020-06-08T02:30:09.487+0000][6][gc,phases    ] GC(3)   Evacuate Collection Set: 6.6ms
[2020-06-08T02:30:09.488+0000][6][gc,phases    ] GC(3)   Post Evacuate Collection Set: 2.6ms
[2020-06-08T02:30:09.488+0000][6][gc,phases    ] GC(3)   Other: 3.4ms
[2020-06-08T02:30:09.489+0000][6][gc,heap      ] GC(3) Eden regions: 50->0(83)
[2020-06-08T02:30:09.489+0000][6][gc,heap      ] GC(3) Survivor regions: 5->3(7)
[2020-06-08T02:30:09.489+0000][6][gc,heap      ] GC(3) Old regions: 5->7
[2020-06-08T02:30:09.490+0000][6][gc,heap      ] GC(3) Archive regions: 2->2
[2020-06-08T02:30:09.490+0000][6][gc,heap      ] GC(3) Humongous regions: 1->1
[2020-06-08T02:30:09.491+0000][6][gc,metaspace ] GC(3) Metaspace: 19065K(20096K)->19065K(20096K) NonClass: 16743K(17408K)->16743K(17408K) Class: 2322K(2688K)->2322K(2688K)
[2020-06-08T02:30:09.492+0000][6][gc           ] GC(3) Pause Young (Normal) (G1 Evacuation Pause) 61M->11M(1024M) 18.664ms
[2020-06-08T02:30:09.493+0000][6][gc,cpu       ] GC(3) User=0.02s Sys=0.01s Real=0.02s
[2020-06-08T02:30:09.493+0000][6][safepoint    ] Safepoint "G1CollectForAllocation", Time since last: 578181400 ns, Reaching safepoint: 504900 ns, At safepoint: 20182800 ns, Total: 20687700 ns
[2020-06-08T02:30:09.866+0000][6][gc,start     ] GC(4) Pause Young (Normal) (G1 Evacuation Pause)
[2020-06-08T02:30:09.867+0000][6][gc,task      ] GC(4) Using 2 workers of 2 for evacuation
[2020-06-08T02:30:09.868+0000][6][gc,age       ] GC(4) Desired survivor size 5767168 bytes, new threshold 15 (max threshold 15)
[2020-06-08T02:30:09.877+0000][6][gc,age       ] GC(4) Age table with threshold 15 (max threshold 15)
[2020-06-08T02:30:09.877+0000][6][gc,age       ] GC(4) - age   1:    1041872 bytes,    1041872 total
[2020-06-08T02:30:09.878+0000][6][gc,age       ] GC(4) - age   2:    1353424 bytes,    2395296 total
[2020-06-08T02:30:09.878+0000][6][gc,age       ] GC(4) - age   3:    1241688 bytes,    3636984 total
[2020-06-08T02:30:09.879+0000][6][gc,phases    ] GC(4)   Pre Evacuate Collection Set: 0.3ms
[2020-06-08T02:30:09.879+0000][6][gc,phases    ] GC(4)   Merge Heap Roots: 0.2ms
[2020-06-08T02:30:09.879+0000][6][gc,phases    ] GC(4)   Evacuate Collection Set: 5.7ms
[2020-06-08T02:30:09.880+0000][6][gc,phases    ] GC(4)   Post Evacuate Collection Set: 2.3ms
[2020-06-08T02:30:09.880+0000][6][gc,phases    ] GC(4)   Other: 3.8ms
[2020-06-08T02:30:09.881+0000][6][gc,heap      ] GC(4) Eden regions: 83->0(610)
[2020-06-08T02:30:09.881+0000][6][gc,heap      ] GC(4) Survivor regions: 3->4(11)
[2020-06-08T02:30:09.882+0000][6][gc,heap      ] GC(4) Old regions: 7->7
[2020-06-08T02:30:09.882+0000][6][gc,heap      ] GC(4) Archive regions: 2->2
[2020-06-08T02:30:09.882+0000][6][gc,heap      ] GC(4) Humongous regions: 1->1
[2020-06-08T02:30:09.883+0000][6][gc,metaspace ] GC(4) Metaspace: 19169K(20096K)->19169K(20096K) NonClass: 16838K(17408K)->16838K(17408K) Class: 2331K(2688K)->2331K(2688K)
[2020-06-08T02:30:09.883+0000][6][gc           ] GC(4) Pause Young (Normal) (G1 Evacuation Pause) 94M->11M(1024M) 17.049ms
[2020-06-08T02:30:09.884+0000][6][gc,cpu       ] GC(4) User=0.01s Sys=0.01s Real=0.02s
[2020-06-08T02:30:09.884+0000][6][safepoint    ] Safepoint "G1CollectForAllocation", Time since last: 373125800 ns, Reaching safepoint: 119000 ns, At safepoint: 17960900 ns, Total: 18079900 ns
[2020-06-08T02:30:11.133+0000][6][gc,start     ] GC(5) Pause Young (Concurrent Start) (Metadata GC Threshold)
[2020-06-08T02:30:11.133+0000][6][gc,task      ] GC(5) Using 2 workers of 2 for evacuation
[2020-06-08T02:30:11.134+0000][6][gc,age       ] GC(5) Desired survivor size 40370176 bytes, new threshold 15 (max threshold 15)
[2020-06-08T02:30:11.154+0000][6][gc,age       ] GC(5) Age table with threshold 15 (max threshold 15)
[2020-06-08T02:30:11.155+0000][6][gc,age       ] GC(5) - age   1:    4124496 bytes,    4124496 total
[2020-06-08T02:30:11.155+0000][6][gc,age       ] GC(5) - age   2:     332464 bytes,    4456960 total
[2020-06-08T02:30:11.156+0000][6][gc,age       ] GC(5) - age   3:    1346744 bytes,    5803704 total
[2020-06-08T02:30:11.157+0000][6][gc,age       ] GC(5) - age   4:    1241384 bytes,    7045088 total
[2020-06-08T02:30:11.157+0000][6][gc,phases    ] GC(5)   Pre Evacuate Collection Set: 0.5ms
[2020-06-08T02:30:11.158+0000][6][gc,phases    ] GC(5)   Merge Heap Roots: 0.3ms
[2020-06-08T02:30:11.158+0000][6][gc,phases    ] GC(5)   Evacuate Collection Set: 12.7ms
[2020-06-08T02:30:11.159+0000][6][gc,phases    ] GC(5)   Post Evacuate Collection Set: 5.8ms
[2020-06-08T02:30:11.159+0000][6][gc,phases    ] GC(5)   Other: 5.3ms
[2020-06-08T02:30:11.160+0000][6][gc,heap      ] GC(5) Eden regions: 280->0(606)
[2020-06-08T02:30:11.161+0000][6][gc,heap      ] GC(5) Survivor regions: 4->8(77)
[2020-06-08T02:30:11.161+0000][6][gc,heap      ] GC(5) Old regions: 7->7
[2020-06-08T02:30:11.161+0000][6][gc,heap      ] GC(5) Archive regions: 2->2
[2020-06-08T02:30:11.162+0000][6][gc,heap      ] GC(5) Humongous regions: 1->1
[2020-06-08T02:30:11.162+0000][6][gc,metaspace ] GC(5) Metaspace: 20107K(21296K)->20107K(21296K) NonClass: 17627K(18352K)->17627K(18352K) Class: 2479K(2944K)->2479K(2944K)
[2020-06-08T02:30:11.163+0000][6][gc           ] GC(5) Pause Young (Concurrent Start) (Metadata GC Threshold) 291M->15M(1024M) 29.904ms
[2020-06-08T02:30:11.163+0000][6][gc,cpu       ] GC(5) User=0.03s Sys=0.02s Real=0.03s
[2020-06-08T02:30:11.164+0000][6][gc           ] GC(6) Concurrent Cycle
[2020-06-08T02:30:11.164+0000][6][gc,marking   ] GC(6) Concurrent Clear Claimed Marks
[2020-06-08T02:30:11.165+0000][6][gc,marking   ] GC(6) Concurrent Clear Claimed Marks 0.644ms
[2020-06-08T02:30:11.165+0000][6][gc,marking   ] GC(6) Concurrent Scan Root Regions
[2020-06-08T02:30:11.171+0000][6][gc,marking   ] GC(6) Concurrent Scan Root Regions 5.603ms
[2020-06-08T02:30:11.172+0000][6][gc,marking   ] GC(6) Concurrent Mark (8.038s)
[2020-06-08T02:30:11.172+0000][6][gc,marking   ] GC(6) Concurrent Mark From Roots
[2020-06-08T02:30:11.173+0000][6][gc,task      ] GC(6) Using 1 workers of 1 for marking
[2020-06-08T02:30:11.164+0000][6][safepoint    ] Safepoint "CollectForMetadataAllocation", Time since last: 1248145800 ns, Reaching safepoint: 155200 ns, At safepoint: 31670700 ns, Total: 31825900 ns
[2020-06-08T02:30:11.174+0000][6][safepoint    ] Safepoint "BulkRevokeBias", Time since last: 9474300 ns, Reaching safepoint: 136700 ns, At safepoint: 111800 ns, Total: 248500 ns
[2020-06-08T02:30:11.176+0000][6][safepoint    ] Safepoint "BulkRevokeBias", Time since last: 1999300 ns, Reaching safepoint: 294600 ns, At safepoint: 104800 ns, Total: 399400 ns
[2020-06-08T02:30:11.178+0000][6][safepoint    ] Safepoint "BulkRevokeBias", Time since last: 653200 ns, Reaching safepoint: 295000 ns, At safepoint: 160400 ns, Total: 455400 ns
[2020-06-08T02:30:11.195+0000][6][gc,marking   ] GC(6) Concurrent Mark From Roots 22.728ms
[2020-06-08T02:30:11.196+0000][6][gc,marking   ] GC(6) Concurrent Preclean
[2020-06-08T02:30:11.196+0000][6][gc,marking   ] GC(6) Concurrent Preclean 0.868ms
[2020-06-08T02:30:11.197+0000][6][gc,marking   ] GC(6) Concurrent Mark (8.038s, 8.063s) 25.304ms
[2020-06-08T02:30:11.199+0000][6][gc,start     ] GC(6) Pause Remark
[2020-06-08T02:30:11.204+0000][6][gc           ] GC(6) Pause Remark 16M->16M(1024M) 5.115ms
[2020-06-08T02:30:11.204+0000][6][gc,cpu       ] GC(6) User=0.01s Sys=0.00s Real=0.01s
[2020-06-08T02:30:11.205+0000][6][safepoint    ] Safepoint "G1Concurrent", Time since last: 20804700 ns, Reaching safepoint: 370500 ns, At safepoint: 6298900 ns, Total: 6669400 ns
[2020-06-08T02:30:11.206+0000][6][gc,marking   ] GC(6) Concurrent Rebuild Remembered Sets
[2020-06-08T02:30:11.230+0000][6][gc,marking   ] GC(6) Concurrent Rebuild Remembered Sets 24.193ms
[2020-06-08T02:30:11.232+0000][6][gc,start     ] GC(6) Pause Cleanup
[2020-06-08T02:30:11.233+0000][6][gc           ] GC(6) Pause Cleanup 16M->16M(1024M) 0.981ms
[2020-06-08T02:30:11.234+0000][6][gc,cpu       ] GC(6) User=0.01s Sys=0.00s Real=0.00s
[2020-06-08T02:30:11.234+0000][6][safepoint    ] Safepoint "G1Concurrent", Time since last: 25771500 ns, Reaching safepoint: 1043300 ns, At safepoint: 2480000 ns, Total: 3523300 ns
[2020-06-08T02:30:11.235+0000][6][gc,marking   ] GC(6) Concurrent Cleanup for Next Mark
[2020-06-08T02:30:11.237+0000][6][gc,marking   ] GC(6) Concurrent Cleanup for Next Mark 2.058ms
[2020-06-08T02:30:11.237+0000][6][gc           ] GC(6) Concurrent Cycle 73.726ms
[2020-06-08T02:30:12.236+0000][6][safepoint    ] Safepoint "Cleanup", Time since last: 1000907300 ns, Reaching safepoint: 352300 ns, At safepoint: 38600 ns, Total: 390900 ns
[2020-06-08T02:30:12.975+0000][6][gc,start     ] GC(7) Pause Young (Normal) (G1 Evacuation Pause)
[2020-06-08T02:30:12.976+0000][6][gc,task      ] GC(7) Using 2 workers of 2 for evacuation
[2020-06-08T02:30:12.978+0000][6][gc,age       ] GC(7) Desired survivor size 40370176 bytes, new threshold 15 (max threshold 15)
[2020-06-08T02:30:13.011+0000][6][gc,age       ] GC(7) Age table with threshold 15 (max threshold 15)
[2020-06-08T02:30:13.011+0000][6][gc,age       ] GC(7) - age   1:    2897104 bytes,    2897104 total
[2020-06-08T02:30:13.011+0000][6][gc,age       ] GC(7) - age   2:    4091688 bytes,    6988792 total
[2020-06-08T02:30:13.012+0000][6][gc,age       ] GC(7) - age   3:     332464 bytes,    7321256 total
[2020-06-08T02:30:13.012+0000][6][gc,age       ] GC(7) - age   4:    1346408 bytes,    8667664 total
[2020-06-08T02:30:13.013+0000][6][gc,age       ] GC(7) - age   5:    1240312 bytes,    9907976 total
[2020-06-08T02:30:13.013+0000][6][gc,phases    ] GC(7)   Pre Evacuate Collection Set: 0.3ms
[2020-06-08T02:30:13.013+0000][6][gc,phases    ] GC(7)   Merge Heap Roots: 0.5ms
[2020-06-08T02:30:13.014+0000][6][gc,phases    ] GC(7)   Evacuate Collection Set: 19.2ms
[2020-06-08T02:30:13.014+0000][6][gc,phases    ] GC(7)   Post Evacuate Collection Set: 12.1ms
[2020-06-08T02:30:13.014+0000][6][gc,phases    ] GC(7)   Other: 6.5ms
[2020-06-08T02:30:13.015+0000][6][gc,heap      ] GC(7) Eden regions: 606->0(604)
[2020-06-08T02:30:13.015+0000][6][gc,heap      ] GC(7) Survivor regions: 8->10(77)
[2020-06-08T02:30:13.016+0000][6][gc,heap      ] GC(7) Old regions: 7->7
[2020-06-08T02:30:13.016+0000][6][gc,heap      ] GC(7) Archive regions: 2->2
[2020-06-08T02:30:13.016+0000][6][gc,heap      ] GC(7) Humongous regions: 1->1
[2020-06-08T02:30:13.017+0000][6][gc,metaspace ] GC(7) Metaspace: 21571K(23216K)->21571K(23216K) NonClass: 18910K(20144K)->18910K(20144K) Class: 2660K(3072K)->2660K(3072K)
[2020-06-08T02:30:13.017+0000][6][gc           ] GC(7) Pause Young (Normal) (G1 Evacuation Pause) 621M->18M(1024M) 42.489ms
[2020-06-08T02:30:13.017+0000][6][gc,cpu       ] GC(7) User=0.04s Sys=0.03s Real=0.04s
[2020-06-08T02:30:13.018+0000][6][safepoint    ] Safepoint "G1CollectForAllocation", Time since last: 738657400 ns, Reaching safepoint: 166600 ns, At safepoint: 43239800 ns, Total: 43406400 ns
[2020-06-08T02:30:14.595+0000][6][safepoint    ] Safepoint "Cleanup", Time since last: 1576913500 ns, Reaching safepoint: 739400 ns, At safepoint: 46000 ns, Total: 785400 ns
[2020-06-08T02:30:15.707+0000][6][safepoint    ] Safepoint "ICBufferFull", Time since last: 1111336900 ns, Reaching safepoint: 351700 ns, At safepoint: 34500 ns, Total: 386200 ns
[2020-06-08T02:30:16.676+0000][6][safepoint    ] Safepoint "Cleanup", Time since last: 1001191600 ns, Reaching safepoint: 291600 ns, At safepoint: 44700 ns, Total: 336300 ns
[2020-06-08T02:30:17.645+0000][6][safepoint    ] Safepoint "ICBufferFull", Time since last: 968539000 ns, Reaching safepoint: 322500 ns, At safepoint: 72500 ns, Total: 395000 ns
[2020-06-08T02:30:18.235+0000][6][gc,start     ] GC(8) Pause Young (Concurrent Start) (Metadata GC Threshold)
[2020-06-08T02:30:18.236+0000][6][gc,task      ] GC(8) Using 2 workers of 2 for evacuation
[2020-06-08T02:30:18.236+0000][6][gc,age       ] GC(8) Desired survivor size 40370176 bytes, new threshold 15 (max threshold 15)
[2020-06-08T02:30:18.328+0000][6][gc,age       ] GC(8) Age table with threshold 15 (max threshold 15)
[2020-06-08T02:30:18.329+0000][6][gc,age       ] GC(8) - age   1:   28996640 bytes,   28996640 total
[2020-06-08T02:30:18.329+0000][6][gc,age       ] GC(8) - age   2:    2822168 bytes,   31818808 total
[2020-06-08T02:30:18.330+0000][6][gc,age       ] GC(8) - age   3:    4063584 bytes,   35882392 total
[2020-06-08T02:30:18.331+0000][6][gc,age       ] GC(8) - age   4:     328576 bytes,   36210968 total
[2020-06-08T02:30:18.331+0000][6][gc,age       ] GC(8) - age   5:    1343008 bytes,   37553976 total
[2020-06-08T02:30:18.332+0000][6][gc,age       ] GC(8) - age   6:    1236984 bytes,   38790960 total
[2020-06-08T02:30:18.333+0000][6][gc,phases    ] GC(8)   Pre Evacuate Collection Set: 0.5ms
[2020-06-08T02:30:18.333+0000][6][gc,phases    ] GC(8)   Merge Heap Roots: 0.3ms
[2020-06-08T02:30:18.334+0000][6][gc,phases    ] GC(8)   Evacuate Collection Set: 83.0ms
[2020-06-08T02:30:18.334+0000][6][gc,phases    ] GC(8)   Post Evacuate Collection Set: 6.9ms
[2020-06-08T02:30:18.335+0000][6][gc,phases    ] GC(8)   Other: 6.9ms
[2020-06-08T02:30:18.336+0000][6][gc,heap      ] GC(8) Eden regions: 414->0(329)
[2020-06-08T02:30:18.336+0000][6][gc,heap      ] GC(8) Survivor regions: 10->38(77)
[2020-06-08T02:30:18.337+0000][6][gc,heap      ] GC(8) Old regions: 7->7
[2020-06-08T02:30:18.337+0000][6][gc,heap      ] GC(8) Archive regions: 2->2
[2020-06-08T02:30:18.337+0000][6][gc,heap      ] GC(8) Humongous regions: 1->1
[2020-06-08T02:30:18.338+0000][6][gc,metaspace ] GC(8) Metaspace: 33074K(35920K)->33074K(35920K) NonClass: 28737K(30544K)->28737K(30544K) Class: 4337K(5376K)->4337K(5376K)
[2020-06-08T02:30:18.339+0000][6][gc           ] GC(8) Pause Young (Concurrent Start) (Metadata GC Threshold) 431M->45M(1024M) 103.745ms
[2020-06-08T02:30:18.339+0000][6][gc,cpu       ] GC(8) User=0.13s Sys=0.02s Real=0.11s
[2020-06-08T02:30:18.340+0000][6][gc           ] GC(9) Concurrent Cycle
[2020-06-08T02:30:18.340+0000][6][gc,marking   ] GC(9) Concurrent Clear Claimed Marks
[2020-06-08T02:30:18.341+0000][6][gc,marking   ] GC(9) Concurrent Clear Claimed Marks 0.476ms
[2020-06-08T02:30:18.341+0000][6][gc,marking   ] GC(9) Concurrent Scan Root Regions
[2020-06-08T02:30:18.346+0000][6][safepoint    ] Safepoint "CollectForMetadataAllocation", Time since last: 590143300 ns, Reaching safepoint: 133400 ns, At safepoint: 111310600 ns, Total: 111444000 ns
[2020-06-08T02:30:18.371+0000][6][gc,marking   ] GC(9) Concurrent Scan Root Regions 30.215ms
[2020-06-08T02:30:18.372+0000][6][gc,marking   ] GC(9) Concurrent Mark (15.271s)
[2020-06-08T02:30:18.373+0000][6][gc,marking   ] GC(9) Concurrent Mark From Roots
[2020-06-08T02:30:18.373+0000][6][gc,task      ] GC(9) Using 1 workers of 1 for marking
[2020-06-08T02:30:18.377+0000][6][safepoint    ] Safepoint "CollectForMetadataAllocation", Time since last: 30342800 ns, Reaching safepoint: 124700 ns, At safepoint: 176800 ns, Total: 301500 ns
[2020-06-08T02:30:18.395+0000][6][gc,marking   ] GC(9) Concurrent Mark From Roots 22.541ms
[2020-06-08T02:30:18.396+0000][6][gc,marking   ] GC(9) Concurrent Preclean
[2020-06-08T02:30:18.397+0000][6][gc,marking   ] GC(9) Concurrent Preclean 0.623ms
[2020-06-08T02:30:18.397+0000][6][gc,marking   ] GC(9) Concurrent Mark (15.271s, 15.296s) 25.140ms
[2020-06-08T02:30:18.398+0000][6][gc,start     ] GC(9) Pause Remark
[2020-06-08T02:30:18.403+0000][6][gc           ] GC(9) Pause Remark 47M->47M(1024M) 5.279ms
[2020-06-08T02:30:18.404+0000][6][gc,cpu       ] GC(9) User=0.01s Sys=0.00s Real=0.01s
[2020-06-08T02:30:18.404+0000][6][safepoint    ] Safepoint "G1Concurrent", Time since last: 20697700 ns, Reaching safepoint: 88400 ns, At safepoint: 6642900 ns, Total: 6731300 ns
[2020-06-08T02:30:18.405+0000][6][gc,marking   ] GC(9) Concurrent Rebuild Remembered Sets
[2020-06-08T02:30:18.422+0000][6][gc,marking   ] GC(9) Concurrent Rebuild Remembered Sets 16.915ms
[2020-06-08T02:30:18.423+0000][6][gc,start     ] GC(9) Pause Cleanup
[2020-06-08T02:30:18.424+0000][6][gc           ] GC(9) Pause Cleanup 48M->48M(1024M) 0.882ms
[2020-06-08T02:30:18.424+0000][6][gc,cpu       ] GC(9) User=0.00s Sys=0.00s Real=0.00s
[2020-06-08T02:30:18.425+0000][6][safepoint    ] Safepoint "G1Concurrent", Time since last: 18044500 ns, Reaching safepoint: 568000 ns, At safepoint: 2053400 ns, Total: 2621400 ns
[2020-06-08T02:30:18.426+0000][6][gc,marking   ] GC(9) Concurrent Cleanup for Next Mark
[2020-06-08T02:30:18.428+0000][6][gc,marking   ] GC(9) Concurrent Cleanup for Next Mark 2.305ms
[2020-06-08T02:30:18.429+0000][6][gc           ] GC(9) Concurrent Cycle 88.700ms
[2020-06-08T02:30:19.426+0000][6][safepoint    ] Safepoint "Cleanup", Time since last: 1000989400 ns, Reaching safepoint: 356400 ns, At safepoint: 43500 ns, Total: 399900 ns
[2020-06-08T02:30:20.748+0000][6][safepoint    ] Safepoint "Cleanup", Time since last: 1321669800 ns, Reaching safepoint: 409200 ns, At safepoint: 46700 ns, Total: 455900 ns
[2020-06-08T02:30:22.390+0000][6][safepoint    ] Safepoint "Cleanup", Time since last: 1640068400 ns, Reaching safepoint: 948000 ns, At safepoint: 38100 ns, Total: 986100 ns
[2020-06-08T02:30:23.392+0000][6][safepoint    ] Safepoint "Cleanup", Time since last: 1000840000 ns, Reaching safepoint: 1216200 ns, At safepoint: 19500 ns, Total: 1235700 ns
[2020-06-08T02:30:23.672+0000][6][safepoint    ] Safepoint "BulkRevokeBias", Time since last: 280204000 ns, Reaching safepoint: 131400 ns, At safepoint: 264300 ns, Total: 395700 ns
[2020-06-08T02:30:23.689+0000][6][safepoint    ] Safepoint "BulkRevokeBias", Time since last: 16117500 ns, Reaching safepoint: 546800 ns, At safepoint: 147500 ns, Total: 694300 ns
[2020-06-08T02:30:23.714+0000][6][safepoint    ] Safepoint "BulkRevokeBias", Time since last: 24598100 ns, Reaching safepoint: 380100 ns, At safepoint: 215900 ns, Total: 596000 ns
[2020-06-08T02:30:24.394+0000][6][safepoint    ] Safepoint "BulkRevokeBias", Time since last: 678793200 ns, Reaching safepoint: 536300 ns, At safepoint: 162500 ns, Total: 698800 ns
[2020-06-08T02:30:24.532+0000][6][gc,start     ] GC(10) Pause Young (Concurrent Start) (Metadata GC Threshold)
[2020-06-08T02:30:24.533+0000][6][gc,task      ] GC(10) Using 2 workers of 2 for evacuation
[2020-06-08T02:30:24.534+0000][6][gc,age       ] GC(10) Desired survivor size 34603008 bytes, new threshold 3 (max threshold 15)
[2020-06-08T02:30:24.617+0000][6][gc,age       ] GC(10) Age table with threshold 3 (max threshold 15)
[2020-06-08T02:30:24.618+0000][6][gc,age       ] GC(10) - age   1:   10441952 bytes,   10441952 total
[2020-06-08T02:30:24.618+0000][6][gc,age       ] GC(10) - age   2:   28747784 bytes,   39189736 total
[2020-06-08T02:30:24.619+0000][6][gc,age       ] GC(10) - age   3:    2795360 bytes,   41985096 total
[2020-06-08T02:30:24.619+0000][6][gc,phases    ] GC(10)   Pre Evacuate Collection Set: 0.6ms
[2020-06-08T02:30:24.620+0000][6][gc,phases    ] GC(10)   Merge Heap Roots: 0.3ms
[2020-06-08T02:30:24.620+0000][6][gc,phases    ] GC(10)   Evacuate Collection Set: 76.2ms
[2020-06-08T02:30:24.621+0000][6][gc,phases    ] GC(10)   Post Evacuate Collection Set: 5.9ms
[2020-06-08T02:30:24.621+0000][6][gc,phases    ] GC(10)   Other: 4.0ms
[2020-06-08T02:30:24.621+0000][6][gc,heap      ] GC(10) Eden regions: 336->0(10)
[2020-06-08T02:30:24.622+0000][6][gc,heap      ] GC(10) Survivor regions: 38->41(66)
[2020-06-08T02:30:24.622+0000][6][gc,heap      ] GC(10) Old regions: 7->14
[2020-06-08T02:30:24.623+0000][6][gc,heap      ] GC(10) Archive regions: 2->2
[2020-06-08T02:30:24.623+0000][6][gc,heap      ] GC(10) Humongous regions: 1->1
[2020-06-08T02:30:24.624+0000][6][gc,metaspace ] GC(10) Metaspace: 55704K(60624K)->55704K(60624K) NonClass: 48089K(51024K)->48089K(51024K) Class: 7614K(9600K)->7614K(9600K)
[2020-06-08T02:30:24.624+0000][6][gc           ] GC(10) Pause Young (Concurrent Start) (Metadata GC Threshold) 381M->56M(1024M) 91.747ms
[2020-06-08T02:30:24.625+0000][6][gc,cpu       ] GC(10) User=0.15s Sys=0.02s Real=0.09s
[2020-06-08T02:30:24.625+0000][6][gc           ] GC(11) Concurrent Cycle
[2020-06-08T02:30:24.625+0000][6][gc,marking   ] GC(11) Concurrent Clear Claimed Marks
[2020-06-08T02:30:24.626+0000][6][gc,marking   ] GC(11) Concurrent Clear Claimed Marks 0.895ms
[2020-06-08T02:30:24.627+0000][6][gc,marking   ] GC(11) Concurrent Scan Root Regions
[2020-06-08T02:30:24.636+0000][6][safepoint    ] Safepoint "CollectForMetadataAllocation", Time since last: 138193800 ns, Reaching safepoint: 438100 ns, At safepoint: 103475400 ns, Total: 103913500 ns
[2020-06-08T02:30:24.698+0000][6][gc,marking   ] GC(11) Concurrent Scan Root Regions 70.734ms
[2020-06-08T02:30:24.698+0000][6][gc,marking   ] GC(11) Concurrent Mark (21.598s)
[2020-06-08T02:30:24.699+0000][6][gc,marking   ] GC(11) Concurrent Mark From Roots
[2020-06-08T02:30:24.699+0000][6][gc,task      ] GC(11) Using 1 workers of 1 for marking
[2020-06-08T02:30:24.713+0000][6][safepoint    ] Safepoint "CollectForMetadataAllocation", Time since last: 76657400 ns, Reaching safepoint: 221800 ns, At safepoint: 238900 ns, Total: 460700 ns
[2020-06-08T02:30:24.715+0000][6][gc,marking   ] GC(11) Concurrent Mark From Roots 16.245ms
[2020-06-08T02:30:24.716+0000][6][gc,marking   ] GC(11) Concurrent Preclean
[2020-06-08T02:30:24.716+0000][6][gc,marking   ] GC(11) Concurrent Preclean 0.696ms
[2020-06-08T02:30:24.717+0000][6][gc,marking   ] GC(11) Concurrent Mark (21.598s, 21.616s) 18.550ms
[2020-06-08T02:30:24.718+0000][6][gc,start     ] GC(11) Pause Remark
[2020-06-08T02:30:24.726+0000][6][gc           ] GC(11) Pause Remark 58M->58M(1024M) 7.781ms
[2020-06-08T02:30:24.726+0000][6][gc,cpu       ] GC(11) User=0.01s Sys=0.00s Real=0.01s
[2020-06-08T02:30:24.727+0000][6][safepoint    ] Safepoint "G1Concurrent", Time since last: 4528700 ns, Reaching safepoint: 314000 ns, At safepoint: 9423900 ns, Total: 9737900 ns
[2020-06-08T02:30:24.728+0000][6][gc,marking   ] GC(11) Concurrent Rebuild Remembered Sets
[2020-06-08T02:30:24.746+0000][6][gc,marking   ] GC(11) Concurrent Rebuild Remembered Sets 18.252ms
[2020-06-08T02:30:24.749+0000][6][gc,start     ] GC(11) Pause Cleanup
[2020-06-08T02:30:24.750+0000][6][gc           ] GC(11) Pause Cleanup 58M->58M(1024M) 1.104ms
[2020-06-08T02:30:24.750+0000][6][gc,cpu       ] GC(11) User=0.00s Sys=0.00s Real=0.00s
[2020-06-08T02:30:24.751+0000][6][safepoint    ] Safepoint "G1Concurrent", Time since last: 19748600 ns, Reaching safepoint: 1629300 ns, At safepoint: 2159800 ns, Total: 3789100 ns
[2020-06-08T02:30:24.752+0000][6][gc,marking   ] GC(11) Concurrent Cleanup for Next Mark
[2020-06-08T02:30:24.754+0000][6][gc,marking   ] GC(11) Concurrent Cleanup for Next Mark 2.554ms
[2020-06-08T02:30:24.755+0000][6][gc           ] GC(11) Concurrent Cycle 129.705ms
[2020-06-08T02:30:24.911+0000][6][gc,start     ] GC(12) Pause Young (Concurrent Start) (G1 Evacuation Pause)
[2020-06-08T02:30:24.912+0000][6][gc,task      ] GC(12) Using 2 workers of 2 for evacuation
[2020-06-08T02:30:24.913+0000][6][gc,age       ] GC(12) Desired survivor size 3670016 bytes, new threshold 1 (max threshold 15)
[2020-06-08T02:30:24.982+0000][6][gc,age       ] GC(12) Age table with threshold 1 (max threshold 15)
[2020-06-08T02:30:24.983+0000][6][gc,age       ] GC(12) - age   1:     248880 bytes,     248880 total
[2020-06-08T02:30:24.984+0000][6][gc,phases    ] GC(12)   Pre Evacuate Collection Set: 0.7ms
[2020-06-08T02:30:24.984+0000][6][gc,phases    ] GC(12)   Merge Heap Roots: 0.3ms
[2020-06-08T02:30:24.985+0000][6][gc,phases    ] GC(12)   Evacuate Collection Set: 65.4ms
[2020-06-08T02:30:24.985+0000][6][gc,phases    ] GC(12)   Post Evacuate Collection Set: 2.1ms
[2020-06-08T02:30:24.986+0000][6][gc,phases    ] GC(12)   Other: 4.4ms
[2020-06-08T02:30:24.986+0000][6][gc,heap      ] GC(12) Eden regions: 10->0(613)
[2020-06-08T02:30:24.987+0000][6][gc,heap      ] GC(12) Survivor regions: 41->1(7)
[2020-06-08T02:30:24.987+0000][6][gc,heap      ] GC(12) Old regions: 14->54
[2020-06-08T02:30:24.988+0000][6][gc,heap      ] GC(12) Archive regions: 2->2
[2020-06-08T02:30:24.989+0000][6][gc,heap      ] GC(12) Humongous regions: 1->1
[2020-06-08T02:30:24.989+0000][6][gc,metaspace ] GC(12) Metaspace: 57190K(62332K)->57190K(62332K) NonClass: 49374K(52476K)->49374K(52476K) Class: 7815K(9856K)->7815K(9856K)
[2020-06-08T02:30:24.990+0000][6][gc           ] GC(12) Pause Young (Concurrent Start) (G1 Evacuation Pause) 66M->56M(1024M) 78.705ms
[2020-06-08T02:30:24.990+0000][6][gc,cpu       ] GC(12) User=0.12s Sys=0.01s Real=0.08s
[2020-06-08T02:30:24.991+0000][6][safepoint    ] Safepoint "G1CollectForAllocation", Time since last: 159450600 ns, Reaching safepoint: 654700 ns, At safepoint: 80399200 ns, Total: 81053900 ns
[2020-06-08T02:30:24.991+0000][6][gc           ] GC(13) Concurrent Cycle
[2020-06-08T02:30:24.993+0000][6][gc,marking   ] GC(13) Concurrent Clear Claimed Marks
[2020-06-08T02:30:24.994+0000][6][gc,marking   ] GC(13) Concurrent Clear Claimed Marks 0.986ms
[2020-06-08T02:30:24.994+0000][6][gc,marking   ] GC(13) Concurrent Scan Root Regions
[2020-06-08T02:30:25.054+0000][6][gc,marking   ] GC(13) Concurrent Scan Root Regions 60.227ms
[2020-06-08T02:30:25.055+0000][6][gc,marking   ] GC(13) Concurrent Mark (21.954s)
[2020-06-08T02:30:25.055+0000][6][gc,marking   ] GC(13) Concurrent Mark From Roots
[2020-06-08T02:30:25.056+0000][6][gc,task      ] GC(13) Using 1 workers of 1 for marking
[2020-06-08T02:30:25.077+0000][6][gc,marking   ] GC(13) Concurrent Mark From Roots 21.975ms
[2020-06-08T02:30:25.078+0000][6][gc,marking   ] GC(13) Concurrent Preclean
[2020-06-08T02:30:25.078+0000][6][gc,marking   ] GC(13) Concurrent Preclean 0.587ms
[2020-06-08T02:30:25.079+0000][6][gc,marking   ] GC(13) Concurrent Mark (21.954s, 21.978s) 23.888ms
[2020-06-08T02:30:25.080+0000][6][gc,start     ] GC(13) Pause Remark
[2020-06-08T02:30:25.086+0000][6][gc           ] GC(13) Pause Remark 60M->60M(1024M) 6.399ms
[2020-06-08T02:30:25.087+0000][6][gc,cpu       ] GC(13) User=0.01s Sys=0.01s Real=0.00s
[2020-06-08T02:30:25.087+0000][6][safepoint    ] Safepoint "G1Concurrent", Time since last: 88035300 ns, Reaching safepoint: 254200 ns, At safepoint: 7831700 ns, Total: 8085900 ns
[2020-06-08T02:30:25.088+0000][6][gc,marking   ] GC(13) Concurrent Rebuild Remembered Sets
[2020-06-08T02:30:25.178+0000][6][gc,marking   ] GC(13) Concurrent Rebuild Remembered Sets 89.657ms
[2020-06-08T02:30:25.180+0000][6][gc,start     ] GC(13) Pause Cleanup
[2020-06-08T02:30:25.181+0000][6][gc           ] GC(13) Pause Cleanup 63M->63M(1024M) 1.272ms
[2020-06-08T02:30:25.182+0000][6][gc,cpu       ] GC(13) User=0.00s Sys=0.00s Real=0.00s
[2020-06-08T02:30:25.183+0000][6][safepoint    ] Safepoint "G1Concurrent", Time since last: 91295600 ns, Reaching safepoint: 1363900 ns, At safepoint: 3068000 ns, Total: 4431900 ns
[2020-06-08T02:30:25.184+0000][6][gc,marking   ] GC(13) Concurrent Cleanup for Next Mark
[2020-06-08T02:30:25.186+0000][6][gc,marking   ] GC(13) Concurrent Cleanup for Next Mark 2.531ms
[2020-06-08T02:30:25.187+0000][6][gc           ] GC(13) Concurrent Cycle 195.587ms
[2020-06-08T02:30:26.047+0000][6][safepoint    ] Safepoint "BulkRevokeBias", Time since last: 862907000 ns, Reaching safepoint: 1187600 ns, At safepoint: 137100 ns, Total: 1324700 ns
[2020-06-08T02:30:27.282+0000][6][safepoint    ] Safepoint "Cleanup", Time since last: 1232995900 ns, Reaching safepoint: 2090500 ns, At safepoint: 10300 ns, Total: 2100800 ns
[2020-06-08T02:30:28.285+0000][6][safepoint    ] Safepoint "Cleanup", Time since last: 1001729600 ns, Reaching safepoint: 345900 ns, At safepoint: 10100 ns, Total: 356000 ns
[2020-06-08T02:30:29.333+0000][6][safepoint    ] Safepoint "Cleanup", Time since last: 1047639300 ns, Reaching safepoint: 568600 ns, At safepoint: 15100 ns, Total: 583700 ns
[2020-06-08T02:30:30.336+0000][6][safepoint    ] Safepoint "Cleanup", Time since last: 1002627300 ns, Reaching safepoint: 192700 ns, At safepoint: 17600 ns, Total: 210300 ns
[2020-06-08T02:30:30.431+0000][6][safepoint    ] Safepoint "BulkRevokeBias", Time since last: 95091400 ns, Reaching safepoint: 159600 ns, At safepoint: 207200 ns, Total: 366800 ns
[2020-06-08T02:30:31.562+0000][6][safepoint    ] Safepoint "Cleanup", Time since last: 1129925200 ns, Reaching safepoint: 717600 ns, At safepoint: 19900 ns, Total: 737500 ns
[2020-06-08T02:30:31.838+0000][6][safepoint    ] Safepoint "BulkRevokeBias", Time since last: 275313800 ns, Reaching safepoint: 578400 ns, At safepoint: 724200 ns, Total: 1302600 ns
[2020-06-08T02:30:32.629+0000][6][safepoint    ] Safepoint "BulkRevokeBias", Time since last: 790127100 ns, Reaching safepoint: 438200 ns, At safepoint: 302600 ns, Total: 740800 ns
[2020-06-08T02:30:33.635+0000][6][safepoint    ] Safepoint "Cleanup", Time since last: 1004757100 ns, Reaching safepoint: 709300 ns, At safepoint: 44400 ns, Total: 753700 ns
[2020-06-08T02:30:34.679+0000][6][safepoint    ] Safepoint "Cleanup", Time since last: 1043727700 ns, Reaching safepoint: 741500 ns, At safepoint: 38300 ns, Total: 779800 ns
[2020-06-08T02:30:35.703+0000][6][safepoint    ] Safepoint "Cleanup", Time since last: 1023241900 ns, Reaching safepoint: 241300 ns, At safepoint: 18300 ns, Total: 259600 ns
[2020-06-08T02:30:36.814+0000][6][safepoint    ] Safepoint "Cleanup", Time since last: 1110119800 ns, Reaching safepoint: 742200 ns, At safepoint: 54400 ns, Total: 796600 ns
[2020-06-08T02:30:37.684+0000][6][safepoint    ] Safepoint "BulkRevokeBias", Time since last: 868758800 ns, Reaching safepoint: 683600 ns, At safepoint: 670600 ns, Total: 1354200 ns
[2020-06-08T02:30:39.473+0000][6][safepoint    ] Safepoint "Cleanup", Time since last: 1788582200 ns, Reaching safepoint: 307700 ns, At safepoint: 32100 ns, Total: 339800 ns
[2020-06-08T02:30:40.475+0000][6][safepoint    ] Safepoint "Cleanup", Time since last: 1002010500 ns, Reaching safepoint: 571800 ns, At safepoint: 19500 ns, Total: 591300 ns
[2020-06-08T02:30:42.093+0000][6][safepoint    ] Safepoint "Cleanup", Time since last: 1617025900 ns, Reaching safepoint: 245600 ns, At safepoint: 31500 ns, Total: 277100 ns
[2020-06-08T02:30:43.096+0000][6][safepoint    ] Safepoint "Cleanup", Time since last: 1003424900 ns, Reaching safepoint: 332300 ns, At safepoint: 17300 ns, Total: 349600 ns
[2020-06-08T02:30:44.099+0000][6][safepoint    ] Safepoint "Cleanup", Time since last: 1001945300 ns, Reaching safepoint: 264700 ns, At safepoint: 32200 ns, Total: 296900 ns
[2020-06-08T02:30:45.103+0000][6][safepoint    ] Safepoint "Cleanup", Time since last: 1003993000 ns, Reaching safepoint: 246000 ns, At safepoint: 30800 ns, Total: 276800 ns
[2020-06-08T02:30:46.107+0000][6][safepoint    ] Safepoint "Cleanup", Time since last: 1003569800 ns, Reaching safepoint: 251000 ns, At safepoint: 31700 ns, Total: 282700 ns
[2020-06-08T02:30:47.077+0000][6][safepoint    ] Safepoint "Cleanup", Time since last: 1003402100 ns, Reaching safepoint: 540900 ns, At safepoint: 337600 ns, Total: 878500 ns
[2020-06-08T02:30:48.080+0000][6][safepoint    ] Safepoint "Cleanup", Time since last: 1003364500 ns, Reaching safepoint: 256000 ns, At safepoint: 31600 ns, Total: 287600 ns
[2020-06-08T02:30:49.082+0000][6][safepoint    ] Safepoint "Cleanup", Time since last: 1002195900 ns, Reaching safepoint: 167800 ns, At safepoint: 22000 ns, Total: 189800 ns
[2020-06-08T02:30:50.084+0000][6][safepoint    ] Safepoint "Cleanup", Time since last: 1001193000 ns, Reaching safepoint: 201600 ns, At safepoint: 19600 ns, Total: 221200 ns
[2020-06-08T02:30:51.089+0000][6][safepoint    ] Safepoint "Cleanup", Time since last: 1005190200 ns, Reaching safepoint: 422900 ns, At safepoint: 22500 ns, Total: 445400 ns
[2020-06-08T02:30:52.091+0000][6][safepoint    ] Safepoint "Cleanup", Time since last: 1001136900 ns, Reaching safepoint: 302800 ns, At safepoint: 16800 ns, Total: 319600 ns
[2020-06-08T02:30:53.092+0000][6][safepoint    ] Safepoint "Cleanup", Time since last: 1001338800 ns, Reaching safepoint: 154600 ns, At safepoint: 14900 ns, Total: 169500 ns
[2020-06-08T02:30:54.112+0000][6][safepoint    ] Safepoint "Cleanup", Time since last: 1001257500 ns, Reaching safepoint: 18522600 ns, At safepoint: 57500 ns, Total: 18580100 ns
[2020-06-08T02:30:55.114+0000][6][safepoint    ] Safepoint "Cleanup", Time since last: 1001615200 ns, Reaching safepoint: 258600 ns, At safepoint: 23700 ns, Total: 282300 ns
[2020-06-08T02:30:56.116+0000][6][safepoint    ] Safepoint "Cleanup", Time since last: 1001482300 ns, Reaching safepoint: 202700 ns, At safepoint: 39000 ns, Total: 241700 ns
[2020-06-08T02:30:57.118+0000][6][safepoint    ] Safepoint "Cleanup", Time since last: 1001566900 ns, Reaching safepoint: 444500 ns, At safepoint: 18500 ns, Total: 463000 ns
[2020-06-08T02:30:58.119+0000][6][safepoint    ] Safepoint "Cleanup", Time since last: 1000994900 ns, Reaching safepoint: 147700 ns, At safepoint: 17200 ns, Total: 164900 ns
[2020-06-08T02:30:59.121+0000][6][safepoint    ] Safepoint "Cleanup", Time since last: 1001515200 ns, Reaching safepoint: 548600 ns, At safepoint: 38800 ns, Total: 587400 ns
[2020-06-08T02:31:00.122+0000][6][safepoint    ] Safepoint "Cleanup", Time since last: 1001028400 ns, Reaching safepoint: 210200 ns, At safepoint: 17900 ns, Total: 228100 ns
[2020-06-08T02:31:01.879+0000][6][safepoint    ] Safepoint "Cleanup", Time since last: 1756292800 ns, Reaching safepoint: 328300 ns, At safepoint: 16700 ns, Total: 345000 ns
[2020-06-08T02:31:02.986+0000][6][safepoint    ] Safepoint "Cleanup", Time since last: 1106036700 ns, Reaching safepoint: 1063500 ns, At safepoint: 48300 ns, Total: 1111800 ns
[2020-06-08T02:31:04.000+0000][6][safepoint    ] Safepoint "Cleanup", Time since last: 1013061200 ns, Reaching safepoint: 266900 ns, At safepoint: 58200 ns, Total: 325100 ns
[2020-06-08T02:31:06.001+0000][6][safepoint    ] Safepoint "Cleanup", Time since last: 2001394200 ns, Reaching safepoint: 183400 ns, At safepoint: 18400 ns, Total: 201800 ns
[2020-06-08T02:31:07.667+0000][6][safepoint    ] Safepoint "Cleanup", Time since last: 1665681800 ns, Reaching safepoint: 215000 ns, At safepoint: 19200 ns, Total: 234200 ns
[2020-06-08T02:31:08.674+0000][6][safepoint    ] Safepoint "Cleanup", Time since last: 1006592700 ns, Reaching safepoint: 148100 ns, At safepoint: 14100 ns, Total: 162200 ns
[2020-06-08T02:31:09.676+0000][6][safepoint    ] Safepoint "Cleanup", Time since last: 1001691200 ns, Reaching safepoint: 141700 ns, At safepoint: 13900 ns, Total: 155600 ns
[2020-06-08T02:31:10.677+0000][6][safepoint    ] Safepoint "Cleanup", Time since last: 1001035100 ns, Reaching safepoint: 369600 ns, At safepoint: 37300 ns, Total: 406900 ns
[2020-06-08T02:31:11.696+0000][6][safepoint    ] Safepoint "Cleanup", Time since last: 1014058300 ns, Reaching safepoint: 4559100 ns, At safepoint: 245300 ns, Total: 4804400 ns
[2020-06-08T02:31:13.706+0000][6][safepoint    ] Safepoint "Cleanup", Time since last: 2009412700 ns, Reaching safepoint: 337100 ns, At safepoint: 18300 ns, Total: 355400 ns
[2020-06-08T02:31:16.674+0000][6][safepoint    ] Safepoint "Cleanup", Time since last: 3001598400 ns, Reaching safepoint: 371100 ns, At safepoint: 8600 ns, Total: 379700 ns
[2020-06-08T02:31:21.678+0000][6][safepoint    ] Safepoint "Cleanup", Time since last: 5003289700 ns, Reaching safepoint: 615700 ns, At safepoint: 18500 ns, Total: 634200 ns
[2020-06-08T02:31:24.681+0000][6][safepoint    ] Safepoint "Cleanup", Time since last: 3003200200 ns, Reaching safepoint: 202000 ns, At safepoint: 14500 ns, Total: 216500 ns
[2020-06-08T02:31:26.682+0000][6][safepoint    ] Safepoint "Cleanup", Time since last: 2001088300 ns, Reaching safepoint: 147900 ns, At safepoint: 14500 ns, Total: 162400 ns
[2020-06-08T02:31:28.684+0000][6][safepoint    ] Safepoint "Cleanup", Time since last: 2001538600 ns, Reaching safepoint: 186300 ns, At safepoint: 12900 ns, Total: 199200 ns
[2020-06-08T02:31:31.038+0000][6][safepoint    ] Safepoint "Cleanup", Time since last: 2351247800 ns, Reaching safepoint: 2615200 ns, At safepoint: 48400 ns, Total: 2663600 ns
[2020-06-08T02:31:32.049+0000][6][safepoint    ] Safepoint "Cleanup", Time since last: 1010881000 ns, Reaching safepoint: 166700 ns, At safepoint: 12700 ns, Total: 179400 ns
[2020-06-08T02:31:33.050+0000][6][safepoint    ] Safepoint "Cleanup", Time since last: 1000746200 ns, Reaching safepoint: 178400 ns, At safepoint: 15800 ns, Total: 194200 ns
[2020-06-08T02:31:37.052+0000][6][safepoint    ] Safepoint "Cleanup", Time since last: 4002107800 ns, Reaching safepoint: 160700 ns, At safepoint: 15800 ns, Total: 176500 ns
[2020-06-08T02:31:39.054+0000][6][safepoint    ] Safepoint "Cleanup", Time since last: 2001830900 ns, Reaching safepoint: 160400 ns, At safepoint: 15900 ns, Total: 176300 ns
[2020-06-08T02:31:41.056+0000][6][safepoint    ] Safepoint "Cleanup", Time since last: 2001494000 ns, Reaching safepoint: 221900 ns, At safepoint: 24700 ns, Total: 246600 ns
[2020-06-08T02:31:43.058+0000][6][safepoint    ] Safepoint "Cleanup", Time since last: 2001852600 ns, Reaching safepoint: 337700 ns, At safepoint: 35200 ns, Total: 372900 ns
[2020-06-08T02:32:01.675+0000][6][safepoint    ] Safepoint "Cleanup", Time since last: 18638550100 ns, Reaching safepoint: 10533600 ns, At safepoint: 1302000 ns, Total: 11835600 ns
[2020-06-08T02:32:02.650+0000][6][safepoint    ] Safepoint "BulkRevokeBias", Time since last: 972643700 ns, Reaching safepoint: 1662900 ns, At safepoint: 397600 ns, Total: 2060500 ns
[2020-06-08T02:32:02.703+0000][6][safepoint    ] Safepoint "BulkRevokeBias", Time since last: 49401500 ns, Reaching safepoint: 1472400 ns, At safepoint: 2598200 ns, Total: 4070600 ns
[2020-06-08T02:32:03.057+0000][6][safepoint    ] Safepoint "BulkRevokeBias", Time since last: 352983200 ns, Reaching safepoint: 434200 ns, At safepoint: 597900 ns, Total: 1032100 ns
[2020-06-08T02:32:03.189+0000][6][safepoint    ] Safepoint "BulkRevokeBias", Time since last: 130613700 ns, Reaching safepoint: 252700 ns, At safepoint: 830600 ns, Total: 1083300 ns
[2020-06-08T02:32:05.066+0000][6][safepoint    ] Safepoint "Cleanup", Time since last: 1876464600 ns, Reaching safepoint: 241100 ns, At safepoint: 15900 ns, Total: 257000 ns
[2020-06-08T02:32:07.067+0000][6][safepoint    ] Safepoint "Cleanup", Time since last: 2001605300 ns, Reaching safepoint: 153000 ns, At safepoint: 10700 ns, Total: 163700 ns
[2020-06-08T02:32:08.524+0000][6][safepoint    ] Safepoint "Cleanup", Time since last: 1447830200 ns, Reaching safepoint: 8867300 ns, At safepoint: 20900 ns, Total: 8888200 ns
[2020-06-08T02:32:11.890+0000][6][safepoint    ] Safepoint "Cleanup", Time since last: 3365091500 ns, Reaching safepoint: 592200 ns, At safepoint: 57800 ns, Total: 650000 ns
[2020-06-08T02:32:12.874+0000][6][safepoint    ] Safepoint "BulkRevokeBias", Time since last: 982768300 ns, Reaching safepoint: 544200 ns, At safepoint: 563000 ns, Total: 1107200 ns
[2020-06-08T02:32:14.477+0000][6][safepoint    ] Safepoint "Cleanup", Time since last: 1602677100 ns, Reaching safepoint: 211000 ns, At safepoint: 45600 ns, Total: 256600 ns
[2020-06-08T02:32:16.445+0000][6][safepoint    ] Safepoint "Cleanup", Time since last: 2001984300 ns, Reaching safepoint: 566000 ns, At safepoint: 20900 ns, Total: 586900 ns
[2020-06-08T02:32:17.942+0000][6][safepoint    ] Safepoint "Cleanup", Time since last: 1494900600 ns, Reaching safepoint: 263500 ns, At safepoint: 18000 ns, Total: 281500 ns
[2020-06-08T02:32:19.817+0000][6][safepoint    ] Safepoint "Cleanup", Time since last: 1873460100 ns, Reaching safepoint: 2668200 ns, At safepoint: 54400 ns, Total: 2722600 ns
[2020-06-08T02:32:21.004+0000][6][safepoint    ] Safepoint "Cleanup", Time since last: 1184107000 ns, Reaching safepoint: 2959200 ns, At safepoint: 27300 ns, Total: 2986500 ns
[2020-06-08T02:32:22.039+0000][6][safepoint    ] Safepoint "Cleanup", Time since last: 1034898600 ns, Reaching safepoint: 463200 ns, At safepoint: 35600 ns, Total: 498800 ns
[2020-06-08T02:32:22.890+0000][6][safepoint    ] Safepoint "BulkRevokeBias", Time since last: 849405800 ns, Reaching safepoint: 591300 ns, At safepoint: 412200 ns, Total: 1003500 ns
[2020-06-08T02:32:23.581+0000][6][safepoint    ] Safepoint "BulkRevokeBias", Time since last: 688821900 ns, Reaching safepoint: 2185500 ns, At safepoint: 661700 ns, Total: 2847200 ns
[2020-06-08T02:32:24.618+0000][6][safepoint    ] Safepoint "Cleanup", Time since last: 1035888400 ns, Reaching safepoint: 622600 ns, At safepoint: 25300 ns, Total: 647900 ns
[2020-06-08T02:32:24.851+0000][6][gc,start     ] GC(14) Pause Young (Normal) (G1 Evacuation Pause)
[2020-06-08T02:32:24.853+0000][6][gc,task      ] GC(14) Using 2 workers of 2 for evacuation
[2020-06-08T02:32:24.855+0000][6][gc,age       ] GC(14) Desired survivor size 40370176 bytes, new threshold 15 (max threshold 15)
[2020-06-08T02:32:25.162+0000][6][gc,age       ] GC(14) Age table with threshold 15 (max threshold 15)
[2020-06-08T02:32:25.162+0000][6][gc,age       ] GC(14) - age   1:   15641960 bytes,   15641960 total
[2020-06-08T02:32:25.163+0000][6][gc,age       ] GC(14) - age   2:     219152 bytes,   15861112 total
[2020-06-08T02:32:25.164+0000][6][gc,mmu       ] GC(14) MMU target violated: 201.0ms (200.0ms/201.0ms)
[2020-06-08T02:32:25.165+0000][6][gc,phases    ] GC(14)   Pre Evacuate Collection Set: 3.5ms
[2020-06-08T02:32:25.166+0000][6][gc,phases    ] GC(14)   Merge Heap Roots: 5.4ms
[2020-06-08T02:32:25.166+0000][6][gc,phases    ] GC(14)   Evacuate Collection Set: 283.4ms
[2020-06-08T02:32:25.167+0000][6][gc,phases    ] GC(14)   Post Evacuate Collection Set: 12.2ms
[2020-06-08T02:32:25.168+0000][6][gc,phases    ] GC(14)   Other: 15.2ms
[2020-06-08T02:32:25.168+0000][6][gc,heap      ] GC(14) Eden regions: 613->0(512)
[2020-06-08T02:32:25.169+0000][6][gc,heap      ] GC(14) Survivor regions: 1->16(77)
[2020-06-08T02:32:25.170+0000][6][gc,heap      ] GC(14) Old regions: 54->54
[2020-06-08T02:32:25.170+0000][6][gc,heap      ] GC(14) Archive regions: 2->2
[2020-06-08T02:32:25.171+0000][6][gc,heap      ] GC(14) Humongous regions: 7->7
[2020-06-08T02:32:25.173+0000][6][gc,metaspace ] GC(14) Metaspace: 90820K(98172K)->90820K(98172K) NonClass: 78406K(82684K)->78406K(82684K) Class: 12414K(15488K)->12414K(15488K)
[2020-06-08T02:32:25.174+0000][6][gc           ] GC(14) Pause Young (Normal) (G1 Evacuation Pause) 675M->76M(1024M) 322.281ms
[2020-06-08T02:32:25.175+0000][6][gc,cpu       ] GC(14) User=0.14s Sys=0.12s Real=0.33s
[2020-06-08T02:32:25.179+0000][6][safepoint    ] Safepoint "G1CollectForAllocation", Time since last: 223011100 ns, Reaching safepoint: 697600 ns, At safepoint: 337932900 ns, Total: 338630500 ns
[2020-06-08T02:32:25.528+0000][6][safepoint    ] Safepoint "BulkRevokeBias", Time since last: 347734500 ns, Reaching safepoint: 186500 ns, At safepoint: 306700 ns, Total: 493200 ns
[2020-06-08T02:32:25.625+0000][6][safepoint    ] Safepoint "BulkRevokeBias", Time since last: 95629200 ns, Reaching safepoint: 895800 ns, At safepoint: 690300 ns, Total: 1586100 ns
[2020-06-08T02:32:26.900+0000][6][safepoint    ] Safepoint "Cleanup", Time since last: 1274625900 ns, Reaching safepoint: 720000 ns, At safepoint: 32000 ns, Total: 752000 ns
[2020-06-08T02:32:27.904+0000][6][safepoint    ] Safepoint "Cleanup", Time since last: 1002773300 ns, Reaching safepoint: 385700 ns, At safepoint: 33600 ns, Total: 419300 ns
[2020-06-08T02:32:28.911+0000][6][safepoint    ] Safepoint "Cleanup", Time since last: 1006123600 ns, Reaching safepoint: 774100 ns, At safepoint: 67700 ns, Total: 841800 ns
[2020-06-08T02:32:29.918+0000][6][safepoint    ] Safepoint "Cleanup", Time since last: 1006641100 ns, Reaching safepoint: 484600 ns, At safepoint: 35300 ns, Total: 519900 ns
[2020-06-08T02:32:30.941+0000][6][safepoint    ] Safepoint "Cleanup", Time since last: 1023105500 ns, Reaching safepoint: 273400 ns, At safepoint: 22200 ns, Total: 295600 ns
[2020-06-08T02:32:31.953+0000][6][safepoint    ] Safepoint "Cleanup", Time since last: 1011170100 ns, Reaching safepoint: 424200 ns, At safepoint: 41700 ns, Total: 465900 ns
[2020-06-08T02:32:32.957+0000][6][safepoint    ] Safepoint "Cleanup", Time since last: 1003595700 ns, Reaching safepoint: 404100 ns, At safepoint: 32200 ns, Total: 436300 ns
[2020-06-08T02:32:33.960+0000][6][safepoint    ] Safepoint "Cleanup", Time since last: 1002096000 ns, Reaching safepoint: 758800 ns, At safepoint: 48100 ns, Total: 806900 ns
[2020-06-08T02:32:34.963+0000][6][safepoint    ] Safepoint "Cleanup", Time since last: 1002784500 ns, Reaching safepoint: 385000 ns, At safepoint: 32800 ns, Total: 417800 ns
[2020-06-08T02:32:35.966+0000][6][safepoint    ] Safepoint "Cleanup", Time since last: 1002434700 ns, Reaching safepoint: 390200 ns, At safepoint: 33700 ns, Total: 423900 ns
[2020-06-08T02:32:36.968+0000][6][safepoint    ] Safepoint "Cleanup", Time since last: 1001661100 ns, Reaching safepoint: 346100 ns, At safepoint: 25000 ns, Total: 371100 ns
[2020-06-08T02:32:37.975+0000][6][safepoint    ] Safepoint "Cleanup", Time since last: 1007083700 ns, Reaching safepoint: 583800 ns, At safepoint: 30600 ns, Total: 614400 ns
[2020-06-08T02:32:38.983+0000][6][safepoint    ] Safepoint "Cleanup", Time since last: 1006896300 ns, Reaching safepoint: 274400 ns, At safepoint: 19900 ns, Total: 294300 ns
[2020-06-08T02:32:39.989+0000][6][safepoint    ] Safepoint "Cleanup", Time since last: 1005291700 ns, Reaching safepoint: 889900 ns, At safepoint: 115700 ns, Total: 1005600 ns
[2020-06-08T02:32:40.991+0000][6][safepoint    ] Safepoint "Cleanup", Time since last: 1001490000 ns, Reaching safepoint: 881500 ns, At safepoint: 31300 ns, Total: 912800 ns
[2020-06-08T02:32:41.994+0000][6][safepoint    ] Safepoint "Cleanup", Time since last: 1001197600 ns, Reaching safepoint: 1150800 ns, At safepoint: 45100 ns, Total: 1195900 ns
[2020-06-08T02:32:42.998+0000][6][safepoint    ] Safepoint "Cleanup", Time since last: 1003538300 ns, Reaching safepoint: 345400 ns, At safepoint: 30800 ns, Total: 376200 ns
[2020-06-08T02:32:43.999+0000][6][safepoint    ] Safepoint "Cleanup", Time since last: 1001466200 ns, Reaching safepoint: 188400 ns, At safepoint: 11900 ns, Total: 200300 ns
[2020-06-08T02:32:45.004+0000][6][safepoint    ] Safepoint "Cleanup", Time since last: 1003918900 ns, Reaching safepoint: 288500 ns, At safepoint: 37300 ns, Total: 325800 ns
[2020-06-08T02:32:46.007+0000][6][safepoint    ] Safepoint "Cleanup", Time since last: 1002709100 ns, Reaching safepoint: 361000 ns, At safepoint: 38000 ns, Total: 399000 ns
[2020-06-08T02:32:46.975+0000][6][safepoint    ] Safepoint "Cleanup", Time since last: 1001939700 ns, Reaching safepoint: 393600 ns, At safepoint: 33000 ns, Total: 426600 ns
[2020-06-08T02:32:47.978+0000][6][safepoint    ] Safepoint "Cleanup", Time since last: 1002550100 ns, Reaching safepoint: 420000 ns, At safepoint: 38100 ns, Total: 458100 ns
[2020-06-08T02:32:48.981+0000][6][safepoint    ] Safepoint "Cleanup", Time since last: 1002141700 ns, Reaching safepoint: 252100 ns, At safepoint: 18400 ns, Total: 270500 ns
[2020-06-08T02:32:49.988+0000][6][safepoint    ] Safepoint "Cleanup", Time since last: 1006796900 ns, Reaching safepoint: 418600 ns, At safepoint: 35000 ns, Total: 453600 ns
[2020-06-08T02:32:50.990+0000][6][safepoint    ] Safepoint "Cleanup", Time since last: 1001816900 ns, Reaching safepoint: 379600 ns, At safepoint: 32900 ns, Total: 412500 ns
[2020-06-08T02:32:51.993+0000][6][safepoint    ] Safepoint "Cleanup", Time since last: 1002723900 ns, Reaching safepoint: 252200 ns, At safepoint: 20000 ns, Total: 272200 ns
[2020-06-08T02:32:52.996+0000][6][safepoint    ] Safepoint "Cleanup", Time since last: 1002649800 ns, Reaching safepoint: 214700 ns, At safepoint: 19600 ns, Total: 234300 ns
[2020-06-08T02:32:54.000+0000][6][safepoint    ] Safepoint "Cleanup", Time since last: 1003741100 ns, Reaching safepoint: 327500 ns, At safepoint: 32800 ns, Total: 360300 ns
[2020-06-08T02:32:55.003+0000][6][safepoint    ] Safepoint "Cleanup", Time since last: 1002430400 ns, Reaching safepoint: 287500 ns, At safepoint: 30400 ns, Total: 317900 ns
[2020-06-08T02:32:56.005+0000][6][safepoint    ] Safepoint "Cleanup", Time since last: 1001730100 ns, Reaching safepoint: 405300 ns, At safepoint: 15700 ns, Total: 421000 ns
[2020-06-08T02:32:57.007+0000][6][safepoint    ] Safepoint "Cleanup", Time since last: 1001418200 ns, Reaching safepoint: 923000 ns, At safepoint: 42100 ns, Total: 965100 ns
[2020-06-08T02:32:58.011+0000][6][safepoint    ] Safepoint "Cleanup", Time since last: 1002399100 ns, Reaching safepoint: 1154000 ns, At safepoint: 46600 ns, Total: 1200600 ns
[2020-06-08T02:32:59.016+0000][6][safepoint    ] Safepoint "Cleanup", Time since last: 1003150400 ns, Reaching safepoint: 1414700 ns, At safepoint: 59100 ns, Total: 1473800 ns
[2020-06-08T02:33:00.020+0000][6][safepoint    ] Safepoint "Cleanup", Time since last: 1003285700 ns, Reaching safepoint: 698900 ns, At safepoint: 32700 ns, Total: 731600 ns
[2020-06-08T02:33:01.023+0000][6][safepoint    ] Safepoint "Cleanup", Time since last: 1003192700 ns, Reaching safepoint: 319900 ns, At safepoint: 32800 ns, Total: 352700 ns
[2020-06-08T02:33:02.026+0000][6][safepoint    ] Safepoint "Cleanup", Time since last: 1002234600 ns, Reaching safepoint: 368500 ns, At safepoint: 35800 ns, Total: 404300 ns
[2020-06-08T02:33:03.029+0000][6][safepoint    ] Safepoint "Cleanup", Time since last: 1002747300 ns, Reaching safepoint: 288000 ns, At safepoint: 29500 ns, Total: 317500 ns
[2020-06-08T02:33:04.033+0000][6][safepoint    ] Safepoint "Cleanup", Time since last: 1003579000 ns, Reaching safepoint: 290400 ns, At safepoint: 31200 ns, Total: 321600 ns
[2020-06-08T02:33:05.038+0000][6][safepoint    ] Safepoint "Cleanup", Time since last: 1004863500 ns, Reaching safepoint: 342700 ns, At safepoint: 34600 ns, Total: 377300 ns
[2020-06-08T02:33:06.045+0000][6][safepoint    ] Safepoint "Cleanup", Time since last: 1005970000 ns, Reaching safepoint: 1210700 ns, At safepoint: 38500 ns, Total: 1249200 ns
[2020-06-08T02:33:07.048+0000][6][safepoint    ] Safepoint "Cleanup", Time since last: 1003169800 ns, Reaching safepoint: 183900 ns, At safepoint: 17500 ns, Total: 201400 ns
[2020-06-08T02:33:08.057+0000][6][safepoint    ] Safepoint "Cleanup", Time since last: 1003488900 ns, Reaching safepoint: 4847800 ns, At safepoint: 35700 ns, Total: 4883500 ns
[2020-06-08T02:33:09.061+0000][6][safepoint    ] Safepoint "Cleanup", Time since last: 1003575100 ns, Reaching safepoint: 884100 ns, At safepoint: 51700 ns, Total: 935800 ns
[2020-06-08T02:33:10.069+0000][6][safepoint    ] Safepoint "Cleanup", Time since last: 1006960500 ns, Reaching safepoint: 839200 ns, At safepoint: 39300 ns, Total: 878500 ns
[2020-06-08T02:33:11.073+0000][6][safepoint    ] Safepoint "Cleanup", Time since last: 1003296700 ns, Reaching safepoint: 817900 ns, At safepoint: 23500 ns, Total: 841400 ns
[2020-06-08T02:33:12.075+0000][6][safepoint    ] Safepoint "Cleanup", Time since last: 1001165600 ns, Reaching safepoint: 352300 ns, At safepoint: 35600 ns, Total: 387900 ns
[2020-06-08T02:33:13.078+0000][6][safepoint    ] Safepoint "Cleanup", Time since last: 1002442600 ns, Reaching safepoint: 261900 ns, At safepoint: 20900 ns, Total: 282800 ns
[2020-06-08T02:33:14.081+0000][6][safepoint    ] Safepoint "Cleanup", Time since last: 1003013300 ns, Reaching safepoint: 361800 ns, At safepoint: 29300 ns, Total: 391100 ns
[2020-06-08T02:33:15.704+0000][6][safepoint    ] Safepoint "Cleanup", Time since last: 1622203600 ns, Reaching safepoint: 974200 ns, At safepoint: 24700 ns, Total: 998900 ns
[2020-06-08T02:33:16.940+0000][6][safepoint    ] Safepoint "Cleanup", Time since last: 1268157500 ns, Reaching safepoint: 950000 ns, At safepoint: 46500 ns, Total: 996500 ns
[2020-06-08T02:33:17.943+0000][6][safepoint    ] Safepoint "Cleanup", Time since last: 1002209200 ns, Reaching safepoint: 701400 ns, At safepoint: 36500 ns, Total: 737900 ns
[2020-06-08T02:33:18.950+0000][6][safepoint    ] Safepoint "Cleanup", Time since last: 1004703800 ns, Reaching safepoint: 2360900 ns, At safepoint: 65200 ns, Total: 2426100 ns
[2020-06-08T02:33:19.954+0000][6][safepoint    ] Safepoint "Cleanup", Time since last: 1003153000 ns, Reaching safepoint: 1073500 ns, At safepoint: 34000 ns, Total: 1107500 ns
[2020-06-08T02:33:20.961+0000][6][safepoint    ] Safepoint "Cleanup", Time since last: 1006125900 ns, Reaching safepoint: 279400 ns, At safepoint: 215400 ns, Total: 494800 ns
[2020-06-08T02:33:21.967+0000][6][safepoint    ] Safepoint "Cleanup", Time since last: 1006212300 ns, Reaching safepoint: 326400 ns, At safepoint: 16800 ns, Total: 343200 ns
[2020-06-08T02:33:22.972+0000][6][safepoint    ] Safepoint "Cleanup", Time since last: 1003624800 ns, Reaching safepoint: 1121400 ns, At safepoint: 45200 ns, Total: 1166600 ns
[2020-06-08T02:33:23.976+0000][6][safepoint    ] Safepoint "Cleanup", Time since last: 1002751400 ns, Reaching safepoint: 1174500 ns, At safepoint: 56400 ns, Total: 1230900 ns
[2020-06-08T02:33:24.983+0000][6][safepoint    ] Safepoint "Cleanup", Time since last: 1006230800 ns, Reaching safepoint: 820400 ns, At safepoint: 47500 ns, Total: 867900 ns
[2020-06-08T02:33:25.987+0000][6][safepoint    ] Safepoint "Cleanup", Time since last: 1002659000 ns, Reaching safepoint: 888600 ns, At safepoint: 34400 ns, Total: 923000 ns
[2020-06-08T02:33:26.989+0000][6][safepoint    ] Safepoint "Cleanup", Time since last: 1001399900 ns, Reaching safepoint: 1155200 ns, At safepoint: 45200 ns, Total: 1200400 ns
[2020-06-08T02:33:27.994+0000][6][safepoint    ] Safepoint "Cleanup", Time since last: 1003279700 ns, Reaching safepoint: 1107600 ns, At safepoint: 47900 ns, Total: 1155500 ns
[2020-06-08T02:33:28.997+0000][6][safepoint    ] Safepoint "Cleanup", Time since last: 1002396900 ns, Reaching safepoint: 645500 ns, At safepoint: 27300 ns, Total: 672800 ns
[2020-06-08T02:33:30.000+0000][6][safepoint    ] Safepoint "Cleanup", Time since last: 1001494500 ns, Reaching safepoint: 1246000 ns, At safepoint: 158000 ns, Total: 1404000 ns
[2020-06-08T02:33:31.002+0000][6][safepoint    ] Safepoint "Cleanup", Time since last: 1001922100 ns, Reaching safepoint: 355300 ns, At safepoint: 31400 ns, Total: 386700 ns
[2020-06-08T02:33:32.007+0000][6][safepoint    ] Safepoint "Cleanup", Time since last: 1003432900 ns, Reaching safepoint: 972100 ns, At safepoint: 217000 ns, Total: 1189100 ns
[2020-06-08T02:33:33.010+0000][6][safepoint    ] Safepoint "Cleanup", Time since last: 1003253600 ns, Reaching safepoint: 379800 ns, At safepoint: 29100 ns, Total: 408900 ns
[2020-06-08T02:33:34.014+0000][6][safepoint    ] Safepoint "Cleanup", Time since last: 1003541400 ns, Reaching safepoint: 440200 ns, At safepoint: 40300 ns, Total: 480500 ns
[2020-06-08T02:33:35.019+0000][6][safepoint    ] Safepoint "Cleanup", Time since last: 1004393600 ns, Reaching safepoint: 574500 ns, At safepoint: 50500 ns, Total: 625000 ns
[2020-06-08T02:33:36.023+0000][6][safepoint    ] Safepoint "Cleanup", Time since last: 1002969500 ns, Reaching safepoint: 561300 ns, At safepoint: 324300 ns, Total: 885600 ns
[2020-06-08T02:33:37.038+0000][6][safepoint    ] Safepoint "Cleanup", Time since last: 1014217300 ns, Reaching safepoint: 238600 ns, At safepoint: 18600 ns, Total: 257200 ns
[2020-06-08T02:33:38.046+0000][6][safepoint    ] Safepoint "Cleanup", Time since last: 1007871800 ns, Reaching safepoint: 399400 ns, At safepoint: 34100 ns, Total: 433500 ns
[2020-06-08T02:33:39.266+0000][6][safepoint    ] Safepoint "Cleanup", Time since last: 1218606700 ns, Reaching safepoint: 1045400 ns, At safepoint: 93100 ns, Total: 1138500 ns
[2020-06-08T02:33:40.618+0000][6][safepoint    ] Safepoint "Cleanup", Time since last: 1351849300 ns, Reaching safepoint: 386700 ns, At safepoint: 19200 ns, Total: 405900 ns
[2020-06-08T02:33:41.625+0000][6][safepoint    ] Safepoint "Cleanup", Time since last: 1006662000 ns, Reaching safepoint: 335700 ns, At safepoint: 20000 ns, Total: 355700 ns
[2020-06-08T02:33:43.250+0000][6][safepoint    ] Safepoint "Cleanup", Time since last: 1624011400 ns, Reaching safepoint: 843000 ns, At safepoint: 44200 ns, Total: 887200 ns
[2020-06-08T02:33:44.849+0000][6][safepoint    ] Safepoint "Cleanup", Time since last: 1598735600 ns, Reaching safepoint: 572200 ns, At safepoint: 32700 ns, Total: 604900 ns
[2020-06-08T02:33:46.596+0000][6][safepoint    ] Safepoint "Cleanup", Time since last: 1780786600 ns, Reaching safepoint: 376600 ns, At safepoint: 26800 ns, Total: 403400 ns
[2020-06-08T02:33:47.598+0000][6][safepoint    ] Safepoint "Cleanup", Time since last: 1001588500 ns, Reaching safepoint: 313100 ns, At safepoint: 19000 ns, Total: 332100 ns
[2020-06-08T02:33:49.022+0000][6][safepoint    ] Safepoint "Cleanup", Time since last: 1423408500 ns, Reaching safepoint: 421200 ns, At safepoint: 31800 ns, Total: 453000 ns
[2020-06-08T02:33:50.030+0000][6][safepoint    ] Safepoint "Cleanup", Time since last: 1006706300 ns, Reaching safepoint: 513400 ns, At safepoint: 31900 ns, Total: 545300 ns
[2020-06-08T02:33:52.027+0000][6][safepoint    ] Safepoint "Cleanup", Time since last: 1996328400 ns, Reaching safepoint: 974100 ns, At safepoint: 49200 ns, Total: 1023300 ns
[2020-06-08T02:33:53.029+0000][6][safepoint    ] Safepoint "Cleanup", Time since last: 1001916900 ns, Reaching safepoint: 443800 ns, At safepoint: 33700 ns, Total: 477500 ns
[2020-06-08T02:33:54.032+0000][6][safepoint    ] Safepoint "Cleanup", Time since last: 1002407000 ns, Reaching safepoint: 370300 ns, At safepoint: 32000 ns, Total: 402300 ns
[2020-06-08T02:33:55.036+0000][6][safepoint    ] Safepoint "Cleanup", Time since last: 1003043100 ns, Reaching safepoint: 346800 ns, At safepoint: 32000 ns, Total: 378800 ns
[2020-06-08T02:33:56.037+0000][6][safepoint    ] Safepoint "Cleanup", Time since last: 1001579700 ns, Reaching safepoint: 296200 ns, At safepoint: 24300 ns, Total: 320500 ns
[2020-06-08T02:33:57.042+0000][6][safepoint    ] Safepoint "Cleanup", Time since last: 1002642700 ns, Reaching safepoint: 2338800 ns, At safepoint: 36600 ns, Total: 2375400 ns
[2020-06-08T02:33:58.044+0000][6][safepoint    ] Safepoint "Cleanup", Time since last: 1001692000 ns, Reaching safepoint: 251100 ns, At safepoint: 22800 ns, Total: 273900 ns
[2020-06-08T02:33:59.048+0000][6][safepoint    ] Safepoint "Cleanup", Time since last: 1003457800 ns, Reaching safepoint: 496600 ns, At safepoint: 17600 ns, Total: 514200 ns
[2020-06-08T02:34:00.051+0000][6][safepoint    ] Safepoint "Cleanup", Time since last: 1002020200 ns, Reaching safepoint: 522200 ns, At safepoint: 21000 ns, Total: 543200 ns
[2020-06-08T02:34:01.054+0000][6][safepoint    ] Safepoint "Cleanup", Time since last: 1003025200 ns, Reaching safepoint: 361700 ns, At safepoint: 38400 ns, Total: 400100 ns
[2020-06-08T02:34:02.058+0000][6][safepoint    ] Safepoint "Cleanup", Time since last: 1002696600 ns, Reaching safepoint: 389500 ns, At safepoint: 30700 ns, Total: 420200 ns
[2020-06-08T02:34:02.299+0000][6][safepoint    ] Safepoint "BulkRevokeBias", Time since last: 240352500 ns, Reaching safepoint: 387300 ns, At safepoint: 453300 ns, Total: 840600 ns
[2020-06-08T02:34:02.399+0000][6][safepoint    ] Safepoint "BulkRevokeBias", Time since last: 100260800 ns, Reaching safepoint: 179600 ns, At safepoint: 377500 ns, Total: 557100 ns
[2020-06-08T02:34:02.444+0000][6][safepoint    ] Safepoint "BulkRevokeBias", Time since last: 41448900 ns, Reaching safepoint: 533900 ns, At safepoint: 2210900 ns, Total: 2744800 ns
[2020-06-08T02:34:03.065+0000][6][safepoint    ] Safepoint "BulkRevokeBias", Time since last: 618738800 ns, Reaching safepoint: 704800 ns, At safepoint: 2077000 ns, Total: 2781800 ns
[2020-06-08T02:34:03.174+0000][6][gc,heap,exit ] Heap
[2020-06-08T02:34:03.175+0000][6][gc,heap,exit ]  garbage-first heap   total 1048576K, used 250387K [0x00000000c0000000, 0x0000000100000000)
[2020-06-08T02:34:03.176+0000][6][gc,heap,exit ]   region size 1024K, 186 young (190464K), 16 survivors (16384K)
[2020-06-08T02:34:03.176+0000][6][gc,heap,exit ]  Metaspace       used 92746K, capacity 100012K, committed 100092K, reserved 1134592K
[2020-06-08T02:34:03.177+0000][6][gc,heap,exit ]   class space    used 12570K, capacity 15608K, committed 15616K, reserved 1048576K
